<?xml version="1.0" encoding="UTF-8"?>
<!-- Generated by org.testng.reporters.JUnitReportReporter -->
<testsuite skipped="0" hostname="VishalKumar-Ja" name="getRequest.GetData" tests="2" failures="0" timestamp="2020-06-08T17:59:21 IST" time="1.580" errors="0">
  <testcase name="testresponsecode" time="1.409" classname="getRequest.GetData"/>
  <system-out/>
  <testcase name="testbody" time="0.171" classname="getRequest.GetData"/>
  <system-out/>
</testsuite> <!-- getRequest.GetData -->
